[ 2018-04-05T15:48:35+08:00 ] 112.11.53.109 /video/index.php/User/login
INFO: [ route_check ] --START--
INFO: CheckRoute Behavior ::run [ RunTime:0.044153s ]
INFO: [ route_check ] --END-- [ RunTime:0.044255s ]
INFO: [ app_begin ] --START--
INFO: ReadHtmlCache Behavior ::run [ RunTime:0.001627s ]
INFO: [ app_begin ] --END-- [ RunTime:0.001696s ]
NOTIC: [8] Undefined index: user_data /www/wwwroot/video/WEB/Lib/Action/UserAction.class.php 第 39 行.
NOTIC: [8] Undefined index: password_data /www/wwwroot/video/WEB/Lib/Action/UserAction.class.php 第 40 行.
SQL: SHOW COLUMNS FROM `user` [ RunTime:0.000474s ]
SQL: SELECT * FROM `user` WHERE ( `username` =  ) LIMIT 1   [ RunTime:0.216975s ]
ERR: 1064:You have an error in your SQL syntax; check the manual that corresponds to your MySQL server version for the right syntax to use near ') LIMIT 1' at line 1
 [ SQL语句 ] : SELECT * FROM `user` WHERE ( `username` =  ) LIMIT 1  

[ 2018-04-05T23:56:58+08:00 ] 112.11.53.109 /video/index.php/User/login
INFO: [ route_check ] --START--
INFO: CheckRoute Behavior ::run [ RunTime:0.000477s ]
INFO: [ route_check ] --END-- [ RunTime:0.000532s ]
INFO: [ app_begin ] --START--
INFO: ReadHtmlCache Behavior ::run [ RunTime:0.000236s ]
INFO: [ app_begin ] --END-- [ RunTime:0.000269s ]
NOTIC: [8] Undefined index: user_data /www/wwwroot/video/WEB/Lib/Action/UserAction.class.php 第 39 行.
NOTIC: [8] Undefined index: password_data /www/wwwroot/video/WEB/Lib/Action/UserAction.class.php 第 40 行.
SQL: SHOW COLUMNS FROM `user` [ RunTime:0.000408s ]
SQL: SELECT * FROM `user` WHERE ( `username` =  ) LIMIT 1   [ RunTime:0.000109s ]
ERR: 1064:You have an error in your SQL syntax; check the manual that corresponds to your MySQL server version for the right syntax to use near ') LIMIT 1' at line 1
 [ SQL语句 ] : SELECT * FROM `user` WHERE ( `username` =  ) LIMIT 1  

