[ 2018-04-06T00:18:48+08:00 ] 112.11.53.109 /video/index.php/User/login?user_data=26324636&password_data=12345678
INFO: [ route_check ] --START--
INFO: CheckRoute Behavior ::run [ RunTime:0.000397s ]
INFO: [ route_check ] --END-- [ RunTime:0.000490s ]
INFO: [ app_begin ] --START--
INFO: ReadHtmlCache Behavior ::run [ RunTime:0.000344s ]
INFO: [ app_begin ] --END-- [ RunTime:0.000394s ]
SQL: SHOW COLUMNS FROM `user` [ RunTime:0.000417s ]
SQL: SELECT * FROM `user` WHERE ( `username` = 26324636 ) LIMIT 1   [ RunTime:0.000058s ]

[ 2018-04-06T00:19:18+08:00 ] 112.11.53.109 /video/index.php/User/register?user_data=zjw&password_data=12345678
INFO: [ route_check ] --START--
INFO: CheckRoute Behavior ::run [ RunTime:0.000604s ]
INFO: [ route_check ] --END-- [ RunTime:0.000676s ]
INFO: [ app_begin ] --START--
INFO: ReadHtmlCache Behavior ::run [ RunTime:0.000250s ]
INFO: [ app_begin ] --END-- [ RunTime:0.000284s ]
SQL: SHOW COLUMNS FROM `user` [ RunTime:0.000473s ]
SQL: SELECT * FROM `user` WHERE ( `username` = zjw ) LIMIT 1   [ RunTime:0.077346s ]
ERR: 1054:Unknown column 'zjw' in 'where clause'
 [ SQL语句 ] : SELECT * FROM `user` WHERE ( `username` = zjw ) LIMIT 1  
SQL: INSERT INTO `user` (`username`,`password`,`qq`,`phone`,`qianming`,`vip_data`,`zhuce_data`) VALUES ('zjw','12345678','','','','尚未开通VIP','2018-04-06') [ RunTime:0.219968s ]

[ 2018-04-06T00:19:21+08:00 ] 112.11.53.109 /video/index.php/User/login?user_data=zjw&password_data=12345678
INFO: [ route_check ] --START--
INFO: CheckRoute Behavior ::run [ RunTime:0.000454s ]
INFO: [ route_check ] --END-- [ RunTime:0.000520s ]
INFO: [ app_begin ] --START--
INFO: ReadHtmlCache Behavior ::run [ RunTime:0.000289s ]
INFO: [ app_begin ] --END-- [ RunTime:0.000331s ]
SQL: SHOW COLUMNS FROM `user` [ RunTime:0.000659s ]
SQL: SELECT * FROM `user` WHERE ( `username` = zjw ) LIMIT 1   [ RunTime:0.000269s ]
ERR: 1054:Unknown column 'zjw' in 'where clause'
 [ SQL语句 ] : SELECT * FROM `user` WHERE ( `username` = zjw ) LIMIT 1  

[ 2018-04-06T00:19:27+08:00 ] 112.11.53.109 /video/index.php/User/login?user_data=zjw&password_data=12345678
INFO: [ route_check ] --START--
INFO: CheckRoute Behavior ::run [ RunTime:0.000511s ]
INFO: [ route_check ] --END-- [ RunTime:0.000581s ]
INFO: [ app_begin ] --START--
INFO: ReadHtmlCache Behavior ::run [ RunTime:0.000385s ]
INFO: [ app_begin ] --END-- [ RunTime:0.000433s ]
SQL: SHOW COLUMNS FROM `user` [ RunTime:0.000500s ]
SQL: SELECT * FROM `user` WHERE ( `username` = zjw ) LIMIT 1   [ RunTime:0.000154s ]
ERR: 1054:Unknown column 'zjw' in 'where clause'
 [ SQL语句 ] : SELECT * FROM `user` WHERE ( `username` = zjw ) LIMIT 1  

[ 2018-04-06T00:20:17+08:00 ] 112.11.53.109 /video/index.php/User/login?user_data=zjw&password_data=12345678
INFO: [ route_check ] --START--
INFO: CheckRoute Behavior ::run [ RunTime:0.000432s ]
INFO: [ route_check ] --END-- [ RunTime:0.000505s ]
INFO: [ app_begin ] --START--
INFO: ReadHtmlCache Behavior ::run [ RunTime:0.000294s ]
INFO: [ app_begin ] --END-- [ RunTime:0.000329s ]
SQL: SHOW COLUMNS FROM `user` [ RunTime:0.000433s ]
SQL: SELECT * FROM `user` WHERE ( `username` = zjw ) LIMIT 1   [ RunTime:0.000161s ]
ERR: 1054:Unknown column 'zjw' in 'where clause'
 [ SQL语句 ] : SELECT * FROM `user` WHERE ( `username` = zjw ) LIMIT 1  

[ 2018-04-06T00:21:07+08:00 ] 112.11.53.109 /video/index.php/User/login?user_data=zjw&password_data=12345678
INFO: [ route_check ] --START--
INFO: CheckRoute Behavior ::run [ RunTime:0.000384s ]
INFO: [ route_check ] --END-- [ RunTime:0.000440s ]
INFO: [ app_begin ] --START--
INFO: ReadHtmlCache Behavior ::run [ RunTime:0.000265s ]
INFO: [ app_begin ] --END-- [ RunTime:0.000341s ]
SQL: SHOW COLUMNS FROM `user` [ RunTime:0.000428s ]
SQL: SELECT * FROM `user` WHERE ( `username` = zjw ) LIMIT 1   [ RunTime:0.000140s ]
ERR: 1054:Unknown column 'zjw' in 'where clause'
 [ SQL语句 ] : SELECT * FROM `user` WHERE ( `username` = zjw ) LIMIT 1  

[ 2018-04-06T00:21:16+08:00 ] 112.11.53.109 /video/index.php/User/login?user_data=zjw&password_data=12345678
INFO: [ route_check ] --START--
INFO: CheckRoute Behavior ::run [ RunTime:0.000556s ]
INFO: [ route_check ] --END-- [ RunTime:0.000636s ]
INFO: [ app_begin ] --START--
INFO: ReadHtmlCache Behavior ::run [ RunTime:0.000378s ]
INFO: [ app_begin ] --END-- [ RunTime:0.000432s ]
SQL: SHOW COLUMNS FROM `user` [ RunTime:0.000565s ]
SQL: SELECT * FROM `user` WHERE ( `username` = zjw ) LIMIT 1   [ RunTime:0.000177s ]
ERR: 1054:Unknown column 'zjw' in 'where clause'
 [ SQL语句 ] : SELECT * FROM `user` WHERE ( `username` = zjw ) LIMIT 1  

[ 2018-04-06T00:21:22+08:00 ] 112.11.53.109 /video/index.php/User/login?user_data=26324636&password_data=12345678
INFO: [ route_check ] --START--
INFO: CheckRoute Behavior ::run [ RunTime:0.000394s ]
INFO: [ route_check ] --END-- [ RunTime:0.000455s ]
INFO: [ app_begin ] --START--
INFO: ReadHtmlCache Behavior ::run [ RunTime:0.000309s ]
INFO: [ app_begin ] --END-- [ RunTime:0.000350s ]
SQL: SHOW COLUMNS FROM `user` [ RunTime:0.000441s ]
SQL: SELECT * FROM `user` WHERE ( `username` = 26324636 ) LIMIT 1   [ RunTime:0.000179s ]

[ 2018-04-06T00:22:02+08:00 ] 112.11.53.109 /video/index.php/User/register?user_data=707877124&password_data=12345678
INFO: [ route_check ] --START--
INFO: CheckRoute Behavior ::run [ RunTime:0.000401s ]
INFO: [ route_check ] --END-- [ RunTime:0.000453s ]
INFO: [ app_begin ] --START--
INFO: ReadHtmlCache Behavior ::run [ RunTime:0.000312s ]
INFO: [ app_begin ] --END-- [ RunTime:0.000348s ]
SQL: SHOW COLUMNS FROM `user` [ RunTime:0.000455s ]
SQL: SELECT * FROM `user` WHERE ( `username` = 707877124 ) LIMIT 1   [ RunTime:0.000192s ]
SQL: INSERT INTO `user` (`username`,`password`,`qq`,`phone`,`qianming`,`vip_data`,`zhuce_data`) VALUES ('707877124','12345678','','','','尚未开通VIP','2018-04-06') [ RunTime:0.027889s ]

[ 2018-04-06T00:22:04+08:00 ] 112.11.53.109 /video/index.php/User/login?user_data=707877124&password_data=12345678
INFO: [ route_check ] --START--
INFO: CheckRoute Behavior ::run [ RunTime:0.000357s ]
INFO: [ route_check ] --END-- [ RunTime:0.000414s ]
INFO: [ app_begin ] --START--
INFO: ReadHtmlCache Behavior ::run [ RunTime:0.000311s ]
INFO: [ app_begin ] --END-- [ RunTime:0.000358s ]
SQL: SHOW COLUMNS FROM `user` [ RunTime:0.000425s ]
SQL: SELECT * FROM `user` WHERE ( `username` = 707877124 ) LIMIT 1   [ RunTime:0.000208s ]

[ 2018-04-06T00:23:52+08:00 ] 112.11.53.109 /video/index.php/User/login?user_data=26324636&password_data=12345678
INFO: [ route_check ] --START--
INFO: CheckRoute Behavior ::run [ RunTime:0.000606s ]
INFO: [ route_check ] --END-- [ RunTime:0.000685s ]
INFO: [ app_begin ] --START--
INFO: ReadHtmlCache Behavior ::run [ RunTime:0.000385s ]
INFO: [ app_begin ] --END-- [ RunTime:0.000434s ]
SQL: SHOW COLUMNS FROM `user` [ RunTime:0.000702s ]
SQL: SELECT * FROM `user` WHERE ( `username` = 26324636 ) LIMIT 1   [ RunTime:0.000229s ]

[ 2018-04-06T00:24:55+08:00 ] 112.11.53.109 /video/index.php/User/login?user_data=26324636&password_data=26324636
INFO: [ route_check ] --START--
INFO: CheckRoute Behavior ::run [ RunTime:0.000503s ]
INFO: [ route_check ] --END-- [ RunTime:0.000564s ]
INFO: [ app_begin ] --START--
INFO: ReadHtmlCache Behavior ::run [ RunTime:0.000273s ]
INFO: [ app_begin ] --END-- [ RunTime:0.000347s ]
SQL: SHOW COLUMNS FROM `user` [ RunTime:0.000447s ]
SQL: SELECT * FROM `user` WHERE ( `username` = 26324636 ) LIMIT 1   [ RunTime:0.000063s ]

[ 2018-04-06T00:25:03+08:00 ] 112.11.53.109 /video/index.php/User/login?user_data=26324636&password_data=12345678
INFO: [ route_check ] --START--
INFO: CheckRoute Behavior ::run [ RunTime:0.000358s ]
INFO: [ route_check ] --END-- [ RunTime:0.000410s ]
INFO: [ app_begin ] --START--
INFO: ReadHtmlCache Behavior ::run [ RunTime:0.000315s ]
INFO: [ app_begin ] --END-- [ RunTime:0.000384s ]
SQL: SHOW COLUMNS FROM `user` [ RunTime:0.000602s ]
SQL: SELECT * FROM `user` WHERE ( `username` = 26324636 ) LIMIT 1   [ RunTime:0.000088s ]

[ 2018-04-06T00:25:34+08:00 ] 112.11.53.109 /video/index.php/User/register?user_data=66666666&password_data=66666666
INFO: [ route_check ] --START--
INFO: CheckRoute Behavior ::run [ RunTime:0.000409s ]
INFO: [ route_check ] --END-- [ RunTime:0.000507s ]
INFO: [ app_begin ] --START--
INFO: ReadHtmlCache Behavior ::run [ RunTime:0.000258s ]
INFO: [ app_begin ] --END-- [ RunTime:0.000290s ]
SQL: SHOW COLUMNS FROM `user` [ RunTime:0.000454s ]
SQL: SELECT * FROM `user` WHERE ( `username` = 66666666 ) LIMIT 1   [ RunTime:0.000230s ]
SQL: INSERT INTO `user` (`username`,`password`,`qq`,`phone`,`qianming`,`vip_data`,`zhuce_data`) VALUES ('66666666','66666666','','','','尚未开通VIP','2018-04-06') [ RunTime:0.026170s ]

[ 2018-04-06T00:25:37+08:00 ] 112.11.53.109 /video/index.php/User/login?user_data=66666666&password_data=66666666
INFO: [ route_check ] --START--
INFO: CheckRoute Behavior ::run [ RunTime:0.000391s ]
INFO: [ route_check ] --END-- [ RunTime:0.000445s ]
INFO: [ app_begin ] --START--
INFO: ReadHtmlCache Behavior ::run [ RunTime:0.000293s ]
INFO: [ app_begin ] --END-- [ RunTime:0.000330s ]
SQL: SHOW COLUMNS FROM `user` [ RunTime:0.000422s ]
SQL: SELECT * FROM `user` WHERE ( `username` = 66666666 ) LIMIT 1   [ RunTime:0.000180s ]

[ 2018-04-06T00:31:51+08:00 ] 101.67.221.26 /video/index.php/User/register?user_data=123456&password_data=01234567
INFO: [ route_check ] --START--
INFO: CheckRoute Behavior ::run [ RunTime:0.000580s ]
INFO: [ route_check ] --END-- [ RunTime:0.000693s ]
INFO: [ app_begin ] --START--
INFO: ReadHtmlCache Behavior ::run [ RunTime:0.000495s ]
INFO: [ app_begin ] --END-- [ RunTime:0.000546s ]
SQL: SHOW COLUMNS FROM `user` [ RunTime:0.000610s ]
SQL: SELECT * FROM `user` WHERE ( `username` = 123456 ) LIMIT 1   [ RunTime:0.000233s ]

[ 2018-04-06T00:32:11+08:00 ] 101.67.221.26 /video/index.php/User/register?user_data=2&password_data=01234567
INFO: [ route_check ] --START--
INFO: CheckRoute Behavior ::run [ RunTime:0.000427s ]
INFO: [ route_check ] --END-- [ RunTime:0.000488s ]
INFO: [ app_begin ] --START--
INFO: ReadHtmlCache Behavior ::run [ RunTime:0.000326s ]
INFO: [ app_begin ] --END-- [ RunTime:0.000375s ]
SQL: SHOW COLUMNS FROM `user` [ RunTime:0.000477s ]
SQL: SELECT * FROM `user` WHERE ( `username` = 2 ) LIMIT 1   [ RunTime:0.000194s ]
SQL: INSERT INTO `user` (`username`,`password`,`qq`,`phone`,`qianming`,`vip_data`,`zhuce_data`) VALUES ('2','01234567','','','','尚未开通VIP','2018-04-06') [ RunTime:0.053037s ]

[ 2018-04-06T00:32:25+08:00 ] 101.67.221.26 /video/index.php/User/register?user_data=2&password_data=01234567
INFO: [ route_check ] --START--
INFO: CheckRoute Behavior ::run [ RunTime:0.000365s ]
INFO: [ route_check ] --END-- [ RunTime:0.000418s ]
INFO: [ app_begin ] --START--
INFO: ReadHtmlCache Behavior ::run [ RunTime:0.000286s ]
INFO: [ app_begin ] --END-- [ RunTime:0.000318s ]
SQL: SHOW COLUMNS FROM `user` [ RunTime:0.000384s ]
SQL: SELECT * FROM `user` WHERE ( `username` = 2 ) LIMIT 1   [ RunTime:0.000188s ]

[ 2018-04-06T00:32:31+08:00 ] 101.67.221.26 /video/index.php/User/login?user_data=2&password_data=01234567
INFO: [ route_check ] --START--
INFO: CheckRoute Behavior ::run [ RunTime:0.000562s ]
INFO: [ route_check ] --END-- [ RunTime:0.000675s ]
INFO: [ app_begin ] --START--
INFO: ReadHtmlCache Behavior ::run [ RunTime:0.000372s ]
INFO: [ app_begin ] --END-- [ RunTime:0.000418s ]
SQL: SHOW COLUMNS FROM `user` [ RunTime:0.000472s ]
SQL: SELECT * FROM `user` WHERE ( `username` = 2 ) LIMIT 1   [ RunTime:0.000187s ]

[ 2018-04-06T03:04:20+08:00 ] 183.57.53.177 /video/index.php/User/login
INFO: [ route_check ] --START--
INFO: CheckRoute Behavior ::run [ RunTime:0.000352s ]
INFO: [ route_check ] --END-- [ RunTime:0.000407s ]
INFO: [ app_begin ] --START--
INFO: ReadHtmlCache Behavior ::run [ RunTime:0.000234s ]
INFO: [ app_begin ] --END-- [ RunTime:0.000264s ]
NOTIC: [8] Undefined index: user_data /www/wwwroot/video/WEB/Lib/Action/UserAction.class.php 第 39 行.
NOTIC: [8] Undefined index: password_data /www/wwwroot/video/WEB/Lib/Action/UserAction.class.php 第 40 行.
SQL: SHOW COLUMNS FROM `user` [ RunTime:0.023924s ]
SQL: SELECT * FROM `user` WHERE ( `username` =  ) LIMIT 1   [ RunTime:0.000108s ]
ERR: 1064:You have an error in your SQL syntax; check the manual that corresponds to your MySQL server version for the right syntax to use near ') LIMIT 1' at line 1
 [ SQL语句 ] : SELECT * FROM `user` WHERE ( `username` =  ) LIMIT 1  

[ 2018-04-06T13:15:19+08:00 ] 112.11.53.109 /video/index.php/User/login
INFO: [ route_check ] --START--
INFO: CheckRoute Behavior ::run [ RunTime:0.001901s ]
INFO: [ route_check ] --END-- [ RunTime:0.001979s ]
INFO: [ app_begin ] --START--
INFO: ReadHtmlCache Behavior ::run [ RunTime:0.000597s ]
INFO: [ app_begin ] --END-- [ RunTime:0.000686s ]
NOTIC: [8] Undefined index: user_data /www/wwwroot/video/WEB/Lib/Action/UserAction.class.php 第 39 行.
NOTIC: [8] Undefined index: password_data /www/wwwroot/video/WEB/Lib/Action/UserAction.class.php 第 40 行.
SQL: SHOW COLUMNS FROM `user` [ RunTime:0.000452s ]
SQL: SELECT * FROM `user` WHERE ( `username` =  ) LIMIT 1   [ RunTime:0.000087s ]
ERR: 1064:You have an error in your SQL syntax; check the manual that corresponds to your MySQL server version for the right syntax to use near ') LIMIT 1' at line 1
 [ SQL语句 ] : SELECT * FROM `user` WHERE ( `username` =  ) LIMIT 1  

