[ 2018-04-09T01:57:49+08:00 ] 183.57.53.222 /video/index.php/User/login?user_data%253D0413150238%2526password_data%253D074610
INFO: [ route_check ] --START--
INFO: CheckRoute Behavior ::run [ RunTime:0.000457s ]
INFO: [ route_check ] --END-- [ RunTime:0.000515s ]
INFO: [ app_begin ] --START--
INFO: ReadHtmlCache Behavior ::run [ RunTime:0.000289s ]
INFO: [ app_begin ] --END-- [ RunTime:0.000332s ]
NOTIC: [8] Undefined index: user_data /www/wwwroot/video/WEB/Lib/Action/UserAction.class.php 第 39 行.
NOTIC: [8] Undefined index: password_data /www/wwwroot/video/WEB/Lib/Action/UserAction.class.php 第 40 行.
SQL: SHOW COLUMNS FROM `user` [ RunTime:0.000493s ]
SQL: SELECT * FROM `user` WHERE ( `username` =  ) LIMIT 1   [ RunTime:0.000064s ]
ERR: 1064:You have an error in your SQL syntax; check the manual that corresponds to your MySQL server version for the right syntax to use near ') LIMIT 1' at line 1
 [ SQL语句 ] : SELECT * FROM `user` WHERE ( `username` =  ) LIMIT 1  

[ 2018-04-09T05:25:41+08:00 ] 14.17.3.65 /video/index.php/User/login?user_data%25253D0413150238%252526password_data%25253D074610
INFO: [ route_check ] --START--
INFO: CheckRoute Behavior ::run [ RunTime:0.001109s ]
INFO: [ route_check ] --END-- [ RunTime:0.001230s ]
INFO: [ app_begin ] --START--
INFO: ReadHtmlCache Behavior ::run [ RunTime:0.000603s ]
INFO: [ app_begin ] --END-- [ RunTime:0.000672s ]
NOTIC: [8] Undefined index: user_data /www/wwwroot/video/WEB/Lib/Action/UserAction.class.php 第 39 行.
NOTIC: [8] Undefined index: password_data /www/wwwroot/video/WEB/Lib/Action/UserAction.class.php 第 40 行.
SQL: SHOW COLUMNS FROM `user` [ RunTime:0.000869s ]
SQL: SELECT * FROM `user` WHERE ( `username` =  ) LIMIT 1   [ RunTime:0.000086s ]
ERR: 1064:You have an error in your SQL syntax; check the manual that corresponds to your MySQL server version for the right syntax to use near ') LIMIT 1' at line 1
 [ SQL语句 ] : SELECT * FROM `user` WHERE ( `username` =  ) LIMIT 1  

