[ 2018-04-08T21:18:48+08:00 ] 223.95.5.242 /video/index.php/User/login?user_data=0413150238&password_data=074610
INFO: [ route_check ] --START--
INFO: CheckRoute Behavior ::run [ RunTime:0.011200s ]
INFO: [ route_check ] --END-- [ RunTime:0.011282s ]
INFO: [ app_begin ] --START--
INFO: ReadHtmlCache Behavior ::run [ RunTime:0.002370s ]
INFO: [ app_begin ] --END-- [ RunTime:0.002462s ]
SQL: SHOW COLUMNS FROM `user` [ RunTime:0.046938s ]
SQL: SELECT * FROM `user` WHERE ( `username` = 0413150238 ) LIMIT 1   [ RunTime:0.000323s ]

[ 2018-04-08T21:18:53+08:00 ] 223.95.5.242 /video/index.php/User/login?user_data=0413150238&password_data=074610
INFO: [ route_check ] --START--
INFO: CheckRoute Behavior ::run [ RunTime:0.000367s ]
INFO: [ route_check ] --END-- [ RunTime:0.000451s ]
INFO: [ app_begin ] --START--
INFO: ReadHtmlCache Behavior ::run [ RunTime:0.000281s ]
INFO: [ app_begin ] --END-- [ RunTime:0.000323s ]
SQL: SHOW COLUMNS FROM `user` [ RunTime:0.000451s ]
SQL: SELECT * FROM `user` WHERE ( `username` = 0413150238 ) LIMIT 1   [ RunTime:0.000265s ]

[ 2018-04-08T23:40:03+08:00 ] 119.147.207.144 /video/index.php/User/login?user_data%3D0413150238%26password_data%3D074610
INFO: [ route_check ] --START--
INFO: CheckRoute Behavior ::run [ RunTime:0.000434s ]
INFO: [ route_check ] --END-- [ RunTime:0.000506s ]
INFO: [ app_begin ] --START--
INFO: ReadHtmlCache Behavior ::run [ RunTime:0.000236s ]
INFO: [ app_begin ] --END-- [ RunTime:0.000270s ]
NOTIC: [8] Undefined index: user_data /www/wwwroot/video/WEB/Lib/Action/UserAction.class.php 第 39 行.
NOTIC: [8] Undefined index: password_data /www/wwwroot/video/WEB/Lib/Action/UserAction.class.php 第 40 行.
SQL: SHOW COLUMNS FROM `user` [ RunTime:0.000406s ]
SQL: SELECT * FROM `user` WHERE ( `username` =  ) LIMIT 1   [ RunTime:0.000065s ]
ERR: 1064:You have an error in your SQL syntax; check the manual that corresponds to your MySQL server version for the right syntax to use near ') LIMIT 1' at line 1
 [ SQL语句 ] : SELECT * FROM `user` WHERE ( `username` =  ) LIMIT 1  

