[ 2018-03-30T13:56:56+08:00 ] 60.12.178.150 /video/index.php/User/judge_vip?user_data=
INFO: [ route_check ] --START--
INFO: CheckRoute Behavior ::run [ RunTime:0.010619s ]
INFO: [ route_check ] --END-- [ RunTime:0.010719s ]
INFO: [ app_begin ] --START--
INFO: ReadHtmlCache Behavior ::run [ RunTime:0.001734s ]
INFO: [ app_begin ] --END-- [ RunTime:0.001815s ]
SQL: SHOW COLUMNS FROM `user` [ RunTime:0.000631s ]
SQL: SELECT * FROM `user` WHERE ( `username` =  ) LIMIT 1   [ RunTime:0.000087s ]
ERR: 1064:You have an error in your SQL syntax; check the manual that corresponds to your MySQL server version for the right syntax to use near ') LIMIT 1' at line 1
 [ SQL语句 ] : SELECT * FROM `user` WHERE ( `username` =  ) LIMIT 1  

[ 2018-03-30T13:57:05+08:00 ] 60.12.178.150 /video/index.php/User/login?user_data=26324636&password_data=26324636
INFO: [ route_check ] --START--
INFO: CheckRoute Behavior ::run [ RunTime:0.000588s ]
INFO: [ route_check ] --END-- [ RunTime:0.000672s ]
INFO: [ app_begin ] --START--
INFO: ReadHtmlCache Behavior ::run [ RunTime:0.000378s ]
INFO: [ app_begin ] --END-- [ RunTime:0.000429s ]
SQL: SHOW COLUMNS FROM `user` [ RunTime:0.000615s ]
SQL: SELECT * FROM `user` WHERE ( `username` = 26324636 ) LIMIT 1   [ RunTime:0.000081s ]

[ 2018-03-30T13:57:18+08:00 ] 60.12.178.150 /video/index.php/User/login?user_data=26324636&password_data=zjw26324636
INFO: [ route_check ] --START--
INFO: CheckRoute Behavior ::run [ RunTime:0.000433s ]
INFO: [ route_check ] --END-- [ RunTime:0.000493s ]
INFO: [ app_begin ] --START--
INFO: ReadHtmlCache Behavior ::run [ RunTime:0.000235s ]
INFO: [ app_begin ] --END-- [ RunTime:0.000269s ]
SQL: SHOW COLUMNS FROM `user` [ RunTime:0.000490s ]
SQL: SELECT * FROM `user` WHERE ( `username` = 26324636 ) LIMIT 1   [ RunTime:0.000070s ]

[ 2018-03-30T13:57:52+08:00 ] 60.12.178.150 /video/index.php/User/login?user_data=26324636&password_data=12345678
INFO: [ route_check ] --START--
INFO: CheckRoute Behavior ::run [ RunTime:0.000638s ]
INFO: [ route_check ] --END-- [ RunTime:0.000716s ]
INFO: [ app_begin ] --START--
INFO: ReadHtmlCache Behavior ::run [ RunTime:0.000370s ]
INFO: [ app_begin ] --END-- [ RunTime:0.000416s ]
SQL: SHOW COLUMNS FROM `user` [ RunTime:0.000595s ]
SQL: SELECT * FROM `user` WHERE ( `username` = 26324636 ) LIMIT 1   [ RunTime:0.000087s ]

[ 2018-03-30T13:58:06+08:00 ] 60.12.178.150 /video/index.php/User/judge_vip?user_data=26324636
INFO: [ route_check ] --START--
INFO: CheckRoute Behavior ::run [ RunTime:0.000607s ]
INFO: [ route_check ] --END-- [ RunTime:0.000746s ]
INFO: [ app_begin ] --START--
INFO: ReadHtmlCache Behavior ::run [ RunTime:0.000456s ]
INFO: [ app_begin ] --END-- [ RunTime:0.000502s ]
SQL: SHOW COLUMNS FROM `user` [ RunTime:0.000450s ]
SQL: SELECT * FROM `user` WHERE ( `username` = 26324636 ) LIMIT 1   [ RunTime:0.000082s ]

[ 2018-03-30T13:58:22+08:00 ] 60.12.178.150 /video/index.php/User/judge_vip?user_data=26324636
INFO: [ route_check ] --START--
INFO: CheckRoute Behavior ::run [ RunTime:0.000498s ]
INFO: [ route_check ] --END-- [ RunTime:0.000581s ]
INFO: [ app_begin ] --START--
INFO: ReadHtmlCache Behavior ::run [ RunTime:0.000381s ]
INFO: [ app_begin ] --END-- [ RunTime:0.000428s ]
SQL: SHOW COLUMNS FROM `user` [ RunTime:0.000497s ]
SQL: SELECT * FROM `user` WHERE ( `username` = 26324636 ) LIMIT 1   [ RunTime:0.000073s ]

[ 2018-03-30T14:03:45+08:00 ] 60.12.178.150 /video/index.php/User/register?user_data=123456&password_data=12345678
INFO: [ route_check ] --START--
INFO: CheckRoute Behavior ::run [ RunTime:0.000557s ]
INFO: [ route_check ] --END-- [ RunTime:0.000632s ]
INFO: [ app_begin ] --START--
INFO: ReadHtmlCache Behavior ::run [ RunTime:0.020428s ]
INFO: [ app_begin ] --END-- [ RunTime:0.020501s ]
SQL: SHOW COLUMNS FROM `user` [ RunTime:0.000466s ]
SQL: SELECT * FROM `user` WHERE ( `username` = 123456 ) LIMIT 1   [ RunTime:0.000221s ]
SQL: INSERT INTO `user` (`username`,`password`,`qq`,`phone`,`qianming`,`vip_data`,`zhuce_data`) VALUES ('123456','12345678','','','','尚未开通VIP','2018-03-30') [ RunTime:0.138540s ]

[ 2018-03-30T14:03:50+08:00 ] 60.12.178.150 /video/index.php/User/login?user_data=123456&password_data=12345678
INFO: [ route_check ] --START--
INFO: CheckRoute Behavior ::run [ RunTime:0.000408s ]
INFO: [ route_check ] --END-- [ RunTime:0.000502s ]
INFO: [ app_begin ] --START--
INFO: ReadHtmlCache Behavior ::run [ RunTime:0.000283s ]
INFO: [ app_begin ] --END-- [ RunTime:0.000316s ]
SQL: SHOW COLUMNS FROM `user` [ RunTime:0.000489s ]
SQL: SELECT * FROM `user` WHERE ( `username` = 123456 ) LIMIT 1   [ RunTime:0.000188s ]

[ 2018-03-30T14:03:59+08:00 ] 60.12.178.150 /video/index.php/User/get_user_info?user_data=123456
INFO: [ route_check ] --START--
INFO: CheckRoute Behavior ::run [ RunTime:0.000370s ]
INFO: [ route_check ] --END-- [ RunTime:0.000426s ]
INFO: [ app_begin ] --START--
INFO: ReadHtmlCache Behavior ::run [ RunTime:0.000280s ]
INFO: [ app_begin ] --END-- [ RunTime:0.000312s ]
SQL: SHOW COLUMNS FROM `user` [ RunTime:0.000453s ]
SQL: SELECT * FROM `user` WHERE ( `username` = 123456 ) LIMIT 1   [ RunTime:0.000057s ]

[ 2018-03-30T14:04:50+08:00 ] 60.12.178.150 /video/index.php/User/vip_jihuo?user_data=123456&jihuoma_data=bb
INFO: [ route_check ] --START--
INFO: CheckRoute Behavior ::run [ RunTime:0.000567s ]
INFO: [ route_check ] --END-- [ RunTime:0.000648s ]
INFO: [ app_begin ] --START--
INFO: ReadHtmlCache Behavior ::run [ RunTime:0.000388s ]
INFO: [ app_begin ] --END-- [ RunTime:0.000440s ]
SQL: SHOW COLUMNS FROM `vip` [ RunTime:0.000390s ]
SQL: SELECT * FROM `vip` WHERE ( `jihuoma` = 'bb' ) LIMIT 1   [ RunTime:0.000208s ]
SQL: SHOW COLUMNS FROM `user` [ RunTime:0.000354s ]
SQL: SELECT * FROM `user` WHERE ( `username` = 123456 ) LIMIT 1   [ RunTime:0.000055s ]
SQL: UPDATE `user` SET `id`=17,`username`='123456',`password`='12345678',`qq`='',`phone`='',`qianming`='',`zhuce_data`='2018-03-30',`vip_data`='2018-04-29' WHERE ( `username` = 123456 ) [ RunTime:0.021710s ]
SQL: UPDATE `vip` SET `id`=2,`jihuoma`='bb',`is_use`=1,`day`=30 WHERE ( `jihuoma` = 'bb' ) [ RunTime:0.016747s ]

[ 2018-03-30T14:04:51+08:00 ] 60.12.178.150 /video/index.php/User/get_user_info?user_data=123456
INFO: [ route_check ] --START--
INFO: CheckRoute Behavior ::run [ RunTime:0.000474s ]
INFO: [ route_check ] --END-- [ RunTime:0.000536s ]
INFO: [ app_begin ] --START--
INFO: ReadHtmlCache Behavior ::run [ RunTime:0.000307s ]
INFO: [ app_begin ] --END-- [ RunTime:0.000343s ]
SQL: SHOW COLUMNS FROM `user` [ RunTime:0.000447s ]
SQL: SELECT * FROM `user` WHERE ( `username` = 123456 ) LIMIT 1   [ RunTime:0.000170s ]

[ 2018-03-30T22:03:58+08:00 ] 101.67.220.154 /video/index.php/User/login
INFO: [ route_check ] --START--
INFO: CheckRoute Behavior ::run [ RunTime:0.000592s ]
INFO: [ route_check ] --END-- [ RunTime:0.000667s ]
INFO: [ app_begin ] --START--
INFO: ReadHtmlCache Behavior ::run [ RunTime:0.000475s ]
INFO: [ app_begin ] --END-- [ RunTime:0.000527s ]
NOTIC: [8] Undefined index: user_data /www/wwwroot/video/WEB/Lib/Action/UserAction.class.php 第 39 行.
NOTIC: [8] Undefined index: password_data /www/wwwroot/video/WEB/Lib/Action/UserAction.class.php 第 40 行.
SQL: SHOW COLUMNS FROM `user` [ RunTime:0.000590s ]
SQL: SELECT * FROM `user` WHERE ( `username` =  ) LIMIT 1   [ RunTime:0.000078s ]
ERR: 1064:You have an error in your SQL syntax; check the manual that corresponds to your MySQL server version for the right syntax to use near ') LIMIT 1' at line 1
 [ SQL语句 ] : SELECT * FROM `user` WHERE ( `username` =  ) LIMIT 1  

[ 2018-03-30T22:04:03+08:00 ] 101.67.220.154 /video/index.php/User/judge_vip?user_data=26324636
INFO: [ route_check ] --START--
INFO: CheckRoute Behavior ::run [ RunTime:0.000505s ]
INFO: [ route_check ] --END-- [ RunTime:0.000570s ]
INFO: [ app_begin ] --START--
INFO: ReadHtmlCache Behavior ::run [ RunTime:0.000272s ]
INFO: [ app_begin ] --END-- [ RunTime:0.000308s ]
SQL: SHOW COLUMNS FROM `user` [ RunTime:0.000587s ]
SQL: SELECT * FROM `user` WHERE ( `username` = 26324636 ) LIMIT 1   [ RunTime:0.000300s ]

[ 2018-03-30T22:44:50+08:00 ] 101.67.220.154 /video/index.php/User/judge_vip?user_data=26324636
INFO: [ route_check ] --START--
INFO: CheckRoute Behavior ::run [ RunTime:0.000635s ]
INFO: [ route_check ] --END-- [ RunTime:0.000714s ]
INFO: [ app_begin ] --START--
INFO: ReadHtmlCache Behavior ::run [ RunTime:0.000415s ]
INFO: [ app_begin ] --END-- [ RunTime:0.000462s ]
SQL: SHOW COLUMNS FROM `user` [ RunTime:0.000629s ]
SQL: SELECT * FROM `user` WHERE ( `username` = 26324636 ) LIMIT 1   [ RunTime:0.000077s ]

[ 2018-03-30T23:33:25+08:00 ] 101.67.220.154 /video/index.php/User/judge_vip?user_data=26324636
INFO: [ route_check ] --START--
INFO: CheckRoute Behavior ::run [ RunTime:0.000366s ]
INFO: [ route_check ] --END-- [ RunTime:0.000421s ]
INFO: [ app_begin ] --START--
INFO: ReadHtmlCache Behavior ::run [ RunTime:0.000262s ]
INFO: [ app_begin ] --END-- [ RunTime:0.000293s ]
SQL: SHOW COLUMNS FROM `user` [ RunTime:0.000412s ]
SQL: SELECT * FROM `user` WHERE ( `username` = 26324636 ) LIMIT 1   [ RunTime:0.000061s ]

[ 2018-03-30T23:33:59+08:00 ] 101.67.220.154 /video/index.php/User/judge_vip?user_data=26324636
INFO: [ route_check ] --START--
INFO: CheckRoute Behavior ::run [ RunTime:0.000523s ]
INFO: [ route_check ] --END-- [ RunTime:0.000590s ]
INFO: [ app_begin ] --START--
INFO: ReadHtmlCache Behavior ::run [ RunTime:0.000355s ]
INFO: [ app_begin ] --END-- [ RunTime:0.000389s ]
SQL: SHOW COLUMNS FROM `user` [ RunTime:0.000669s ]
SQL: SELECT * FROM `user` WHERE ( `username` = 26324636 ) LIMIT 1   [ RunTime:0.000081s ]

[ 2018-03-30T23:34:34+08:00 ] 101.67.220.154 /video/index.php/User/judge_vip?user_data=26324636
INFO: [ route_check ] --START--
INFO: CheckRoute Behavior ::run [ RunTime:0.000541s ]
INFO: [ route_check ] --END-- [ RunTime:0.000613s ]
INFO: [ app_begin ] --START--
INFO: ReadHtmlCache Behavior ::run [ RunTime:0.000354s ]
INFO: [ app_begin ] --END-- [ RunTime:0.000400s ]
SQL: SHOW COLUMNS FROM `user` [ RunTime:0.000579s ]
SQL: SELECT * FROM `user` WHERE ( `username` = 26324636 ) LIMIT 1   [ RunTime:0.000080s ]

